{"contracts/ERC20.sol":{"l":{"5":37,"6":37,"9":65,"10":65,"13":0,"14":0,"17":0,"18":0,"38":9,"39":9,"40":9,"41":9,"42":9,"43":9,"44":9,"47":0,"50":0,"54":9,"56":9,"57":9,"58":9,"61":18,"62":18,"63":18,"66":28,"68":28,"70":28,"72":28,"73":28,"74":28,"77":0},"path":"/home/mark/development/stateChannelCheckers/solidity/contracts/ERC20.sol","s":{"1":37,"2":37,"3":65,"4":65,"5":0,"6":0,"7":0,"8":0,"9":9,"10":9,"11":9,"12":9,"13":9,"14":9,"15":9,"16":0,"17":0,"18":9,"19":9,"20":9,"21":9,"22":18,"23":18,"24":18,"25":28,"26":28,"27":28,"28":28,"29":28,"30":28,"31":0},"b":{"1":[37,0],"2":[65,0],"3":[0,0],"4":[0,0],"5":[28,0]},"f":{"1":37,"2":65,"3":0,"4":0,"5":9,"6":0,"7":0,"8":9,"9":18,"10":28,"11":0},"fnMap":{"1":{"name":"add","line":4,"loc":{"start":{"line":4,"column":4},"end":{"line":4,"column":61}}},"2":{"name":"sub","line":8,"loc":{"start":{"line":8,"column":4},"end":{"line":8,"column":61}}},"3":{"name":"mul","line":12,"loc":{"start":{"line":12,"column":4},"end":{"line":12,"column":61}}},"4":{"name":"div","line":16,"loc":{"start":{"line":16,"column":4},"end":{"line":16,"column":61}}},"5":{"name":null,"line":37,"loc":{"start":{"line":37,"column":4},"end":{"line":37,"column":33}}},"6":{"name":"totalSupply","line":46,"loc":{"start":{"line":46,"column":4},"end":{"line":46,"column":51}}},"7":{"name":"balanceOf","line":49,"loc":{"start":{"line":49,"column":4},"end":{"line":49,"column":75}}},"8":{"name":"transfer","line":52,"loc":{"start":{"line":52,"column":4},"end":{"line":52,"column":74}}},"9":{"name":"approve","line":60,"loc":{"start":{"line":60,"column":4},"end":{"line":60,"column":78}}},"10":{"name":"transferFrom","line":65,"loc":{"start":{"line":65,"column":4},"end":{"line":65,"column":92}}},"11":{"name":"allowance","line":76,"loc":{"start":{"line":76,"column":4},"end":{"line":76,"column":94}}}},"statementMap":{"1":{"start":{"line":5,"column":8},"end":{"line":5,"column":16}},"2":{"start":{"line":6,"column":8},"end":{"line":6,"column":22}},"3":{"start":{"line":9,"column":8},"end":{"line":9,"column":22}},"4":{"start":{"line":10,"column":8},"end":{"line":10,"column":16}},"5":{"start":{"line":13,"column":8},"end":{"line":13,"column":16}},"6":{"start":{"line":14,"column":8},"end":{"line":14,"column":36}},"7":{"start":{"line":17,"column":8},"end":{"line":17,"column":21}},"8":{"start":{"line":18,"column":8},"end":{"line":18,"column":16}},"9":{"start":{"line":38,"column":8},"end":{"line":38,"column":25}},"10":{"start":{"line":39,"column":8},"end":{"line":39,"column":23}},"11":{"start":{"line":40,"column":8},"end":{"line":40,"column":42}},"12":{"start":{"line":41,"column":8},"end":{"line":41,"column":20}},"13":{"start":{"line":42,"column":8},"end":{"line":42,"column":28}},"14":{"start":{"line":43,"column":8},"end":{"line":43,"column":37}},"15":{"start":{"line":44,"column":8},"end":{"line":44,"column":54}},"16":{"start":{"line":47,"column":8},"end":{"line":47,"column":27}},"17":{"start":{"line":50,"column":8},"end":{"line":50,"column":35}},"18":{"start":{"line":54,"column":8},"end":{"line":54,"column":62}},"19":{"start":{"line":56,"column":8},"end":{"line":56,"column":46}},"20":{"start":{"line":57,"column":8},"end":{"line":57,"column":45}},"21":{"start":{"line":58,"column":8},"end":{"line":58,"column":19}},"22":{"start":{"line":61,"column":8},"end":{"line":61,"column":44}},"23":{"start":{"line":62,"column":8},"end":{"line":62,"column":50}},"24":{"start":{"line":63,"column":8},"end":{"line":63,"column":19}},"25":{"start":{"line":66,"column":8},"end":{"line":66,"column":43}},"26":{"start":{"line":68,"column":8},"end":{"line":68,"column":50}},"27":{"start":{"line":70,"column":8},"end":{"line":70,"column":72}},"28":{"start":{"line":72,"column":8},"end":{"line":72,"column":46}},"29":{"start":{"line":73,"column":8},"end":{"line":73,"column":39}},"30":{"start":{"line":74,"column":8},"end":{"line":74,"column":19}},"31":{"start":{"line":77,"column":8},"end":{"line":77,"column":43}}},"branchMap":{"1":{"line":6,"type":"if","locations":[{"start":{"line":6,"column":8},"end":{"line":6,"column":8}},{"start":{"line":6,"column":8},"end":{"line":6,"column":8}}]},"2":{"line":9,"type":"if","locations":[{"start":{"line":9,"column":8},"end":{"line":9,"column":8}},{"start":{"line":9,"column":8},"end":{"line":9,"column":8}}]},"3":{"line":14,"type":"if","locations":[{"start":{"line":14,"column":8},"end":{"line":14,"column":8}},{"start":{"line":14,"column":8},"end":{"line":14,"column":8}}]},"4":{"line":17,"type":"if","locations":[{"start":{"line":17,"column":8},"end":{"line":17,"column":8}},{"start":{"line":17,"column":8},"end":{"line":17,"column":8}}]},"5":{"line":66,"type":"if","locations":[{"start":{"line":66,"column":8},"end":{"line":66,"column":8}},{"start":{"line":66,"column":8},"end":{"line":66,"column":8}}]}}},"contracts/StateChGaming.sol":{"l":{"29":0,"30":0,"31":0,"33":0,"35":0,"38":0,"39":0,"40":0,"42":0,"44":0,"47":0,"48":0,"49":0,"53":14,"54":14,"55":14,"59":14,"60":14,"62":14,"63":14,"64":14,"65":0,"68":0,"70":0,"74":0,"75":0,"76":0,"77":0,"78":0,"81":0,"82":0,"83":0,"88":0,"91":0,"95":0,"96":0,"100":0,"101":0,"105":0,"107":0,"108":0,"111":0,"116":0,"117":0,"118":0,"119":0,"121":0},"path":"/home/mark/development/stateChannelCheckers/solidity/contracts/StateChGaming.sol","s":{"1":0,"2":0,"3":0,"4":0,"5":0,"6":0,"7":0,"8":0,"9":0,"10":0,"11":14,"12":14,"13":14,"14":14,"15":14,"16":14,"17":14,"18":14,"19":0,"20":0,"21":0,"22":0,"23":0,"24":0,"25":0,"26":0,"27":0,"28":0,"29":0,"30":0,"31":0,"32":0,"33":0,"34":0,"35":0,"36":0,"37":0,"38":0,"39":0,"40":0},"b":{"1":[0,0],"2":[0,0],"3":[0,0],"4":[0,0],"5":[0,0],"6":[0,0],"7":[0,0],"8":[14,0],"9":[14,0],"10":[0,14],"11":[0,0],"12":[0,0],"13":[0,0],"14":[0,0],"15":[0,0],"16":[0,0],"17":[0,0],"18":[0,0]},"f":{"1":0,"2":0,"3":0,"4":14,"5":14,"6":0,"7":0,"8":0,"9":0,"10":0,"11":0,"12":0},"fnMap":{"1":{"name":"opponentLastPlayed","line":28,"loc":{"start":{"line":28,"column":5},"end":{"line":28,"column":56}}},"2":{"name":"senderLastPlayed","line":37,"loc":{"start":{"line":37,"column":4},"end":{"line":37,"column":41}}},"3":{"name":"validMove","line":46,"loc":{"start":{"line":46,"column":4},"end":{"line":46,"column":46}}},"4":{"name":"addrFromHashAndSig","line":52,"loc":{"start":{"line":52,"column":4},"end":{"line":52,"column":108}}},"5":{"name":"initGame","line":58,"loc":{"start":{"line":58,"column":4},"end":{"line":58,"column":196}}},"6":{"name":"initBCMove","line":73,"loc":{"start":{"line":73,"column":4},"end":{"line":73,"column":89}}},"7":{"name":"makeMoveTimed","line":87,"loc":{"start":{"line":87,"column":4},"end":{"line":87,"column":71}}},"8":{"name":"makeMoveUntimed","line":90,"loc":{"start":{"line":90,"column":4},"end":{"line":90,"column":73}}},"9":{"name":"enforcedBCMove","line":94,"loc":{"start":{"line":94,"column":4},"end":{"line":94,"column":121}}},"10":{"name":"unenforcedBCMove","line":99,"loc":{"start":{"line":99,"column":4},"end":{"line":99,"column":123}}},"11":{"name":"payoutVictory","line":104,"loc":{"start":{"line":104,"column":4},"end":{"line":104,"column":44}}},"12":{"name":"payoutTimeout","line":115,"loc":{"start":{"line":115,"column":4},"end":{"line":115,"column":45}}}},"statementMap":{"1":{"start":{"line":29,"column":8},"end":{"line":29,"column":41}},"2":{"start":{"line":30,"column":8},"end":{"line":30,"column":864}},"3":{"start":{"line":31,"column":12},"end":{"line":31,"column":64}},"4":{"start":{"line":33,"column":12},"end":{"line":33,"column":64}},"5":{"start":{"line":38,"column":8},"end":{"line":38,"column":41}},"6":{"start":{"line":39,"column":8},"end":{"line":39,"column":1176}},"7":{"start":{"line":40,"column":12},"end":{"line":40,"column":65}},"8":{"start":{"line":42,"column":12},"end":{"line":42,"column":63}},"9":{"start":{"line":47,"column":8},"end":{"line":47,"column":30}},"10":{"start":{"line":48,"column":8},"end":{"line":48,"column":118}},"11":{"start":{"line":53,"column":8},"end":{"line":53,"column":63}},"12":{"start":{"line":54,"column":8},"end":{"line":54,"column":75}},"13":{"start":{"line":55,"column":8},"end":{"line":55,"column":47}},"14":{"start":{"line":59,"column":8},"end":{"line":59,"column":92}},"15":{"start":{"line":60,"column":8},"end":{"line":60,"column":92}},"16":{"start":{"line":62,"column":8},"end":{"line":62,"column":123}},"17":{"start":{"line":63,"column":8},"end":{"line":63,"column":64}},"18":{"start":{"line":64,"column":8},"end":{"line":64,"column":83}},"19":{"start":{"line":65,"column":8},"end":{"line":65,"column":83}},"20":{"start":{"line":68,"column":8},"end":{"line":68,"column":85}},"21":{"start":{"line":70,"column":8},"end":{"line":70,"column":187}},"22":{"start":{"line":74,"column":8},"end":{"line":74,"column":41}},"23":{"start":{"line":75,"column":8},"end":{"line":75,"column":69}},"24":{"start":{"line":76,"column":8},"end":{"line":76,"column":64}},"25":{"start":{"line":77,"column":8},"end":{"line":77,"column":86}},"26":{"start":{"line":78,"column":8},"end":{"line":78,"column":86}},"27":{"start":{"line":81,"column":8},"end":{"line":81,"column":115}},"28":{"start":{"line":82,"column":8},"end":{"line":82,"column":48}},"29":{"start":{"line":83,"column":8},"end":{"line":83,"column":39}},"30":{"start":{"line":88,"column":8},"end":{"line":88,"column":48}},"31":{"start":{"line":91,"column":8},"end":{"line":91,"column":66}},"32":{"start":{"line":95,"column":8},"end":{"line":95,"column":48}},"33":{"start":{"line":96,"column":8},"end":{"line":96,"column":39}},"34":{"start":{"line":100,"column":8},"end":{"line":100,"column":66}},"35":{"start":{"line":101,"column":8},"end":{"line":101,"column":39}},"36":{"start":{"line":105,"column":8},"end":{"line":105,"column":41}},"37":{"start":{"line":107,"column":8},"end":{"line":107,"column":4948}},"38":{"start":{"line":116,"column":8},"end":{"line":116,"column":41}},"39":{"start":{"line":117,"column":8},"end":{"line":117,"column":106}},"40":{"start":{"line":118,"column":8},"end":{"line":118,"column":5353}}},"branchMap":{"1":{"line":30,"type":"if","locations":[{"start":{"line":30,"column":8},"end":{"line":30,"column":8}},{"start":{"line":30,"column":8},"end":{"line":30,"column":8}}]},"2":{"line":31,"type":"if","locations":[{"start":{"line":31,"column":12},"end":{"line":31,"column":12}},{"start":{"line":31,"column":12},"end":{"line":31,"column":12}}]},"3":{"line":33,"type":"if","locations":[{"start":{"line":33,"column":12},"end":{"line":33,"column":12}},{"start":{"line":33,"column":12},"end":{"line":33,"column":12}}]},"4":{"line":39,"type":"if","locations":[{"start":{"line":39,"column":8},"end":{"line":39,"column":8}},{"start":{"line":39,"column":8},"end":{"line":39,"column":8}}]},"5":{"line":40,"type":"if","locations":[{"start":{"line":40,"column":12},"end":{"line":40,"column":12}},{"start":{"line":40,"column":12},"end":{"line":40,"column":12}}]},"6":{"line":42,"type":"if","locations":[{"start":{"line":42,"column":12},"end":{"line":42,"column":12}},{"start":{"line":42,"column":12},"end":{"line":42,"column":12}}]},"7":{"line":48,"type":"if","locations":[{"start":{"line":48,"column":8},"end":{"line":48,"column":8}},{"start":{"line":48,"column":8},"end":{"line":48,"column":8}}]},"8":{"line":59,"type":"if","locations":[{"start":{"line":59,"column":8},"end":{"line":59,"column":8}},{"start":{"line":59,"column":8},"end":{"line":59,"column":8}}]},"9":{"line":60,"type":"if","locations":[{"start":{"line":60,"column":8},"end":{"line":60,"column":8}},{"start":{"line":60,"column":8},"end":{"line":60,"column":8}}]},"10":{"line":64,"type":"if","locations":[{"start":{"line":64,"column":8},"end":{"line":64,"column":8}},{"start":{"line":64,"column":8},"end":{"line":64,"column":8}}]},"11":{"line":65,"type":"if","locations":[{"start":{"line":65,"column":8},"end":{"line":65,"column":8}},{"start":{"line":65,"column":8},"end":{"line":65,"column":8}}]},"12":{"line":68,"type":"if","locations":[{"start":{"line":68,"column":8},"end":{"line":68,"column":8}},{"start":{"line":68,"column":8},"end":{"line":68,"column":8}}]},"13":{"line":77,"type":"if","locations":[{"start":{"line":77,"column":8},"end":{"line":77,"column":8}},{"start":{"line":77,"column":8},"end":{"line":77,"column":8}}]},"14":{"line":78,"type":"if","locations":[{"start":{"line":78,"column":8},"end":{"line":78,"column":8}},{"start":{"line":78,"column":8},"end":{"line":78,"column":8}}]},"15":{"line":81,"type":"if","locations":[{"start":{"line":81,"column":8},"end":{"line":81,"column":8}},{"start":{"line":81,"column":8},"end":{"line":81,"column":8}}]},"16":{"line":107,"type":"if","locations":[{"start":{"line":107,"column":8},"end":{"line":107,"column":8}},{"start":{"line":107,"column":8},"end":{"line":107,"column":8}}]},"17":{"line":117,"type":"if","locations":[{"start":{"line":117,"column":8},"end":{"line":117,"column":8}},{"start":{"line":117,"column":8},"end":{"line":117,"column":8}}]},"18":{"line":118,"type":"if","locations":[{"start":{"line":118,"column":8},"end":{"line":118,"column":8}},{"start":{"line":118,"column":8},"end":{"line":118,"column":8}}]}}},"contracts/ValidatingContract.sol":{"l":{"7":3,"8":1,"9":2,"10":1,"11":1,"14":4,"18":0,"22":211,"23":211,"24":211,"25":211,"26":211,"27":211,"28":211,"29":211,"32":211,"34":208,"35":103,"38":207,"40":204,"42":203,"44":201,"45":201,"47":201,"49":38,"51":38,"61":201,"64":143,"70":143,"71":143,"75":629,"84":201,"86":169,"88":163,"89":88,"91":75,"93":147,"94":80,"96":67,"98":143,"101":203,"102":203,"103":5052,"104":5052,"105":2,"108":201,"111":102,"117":38,"118":38,"123":38,"126":2,"127":15,"128":1,"133":3,"134":14,"135":2,"140":313,"141":122,"143":191,"144":187,"146":4,"154":181,"157":215,"160":211,"163":5541,"166":5967,"167":5967},"path":"/home/mark/development/stateChannelCheckers/solidity/contracts/ValidatingContract.sol","s":{"1":3,"2":1,"3":2,"4":1,"5":1,"6":4,"7":0,"8":211,"9":211,"10":211,"11":211,"12":211,"13":211,"14":211,"15":211,"16":211,"17":208,"18":103,"19":207,"20":204,"21":203,"22":201,"23":201,"24":201,"25":38,"26":38,"27":201,"28":143,"29":143,"30":143,"31":629,"32":201,"33":169,"34":163,"35":88,"36":75,"37":147,"38":80,"39":67,"40":143,"41":203,"42":5052,"43":5052,"44":2,"45":201,"46":102,"47":38,"48":38,"49":38,"50":2,"51":15,"52":1,"53":3,"54":14,"55":2,"56":313,"57":122,"58":191,"59":187,"60":4,"61":36,"62":491,"63":5512,"64":849,"65":181,"66":215,"67":211,"68":5541,"69":5967},"b":{"1":[1,2],"2":[1,1],"3":[208,3],"4":[103,105],"5":[102,1],"6":[204,3],"7":[203,1],"8":[201,2],"9":[38,163],"10":[143,0],"11":[169,32],"12":[163,6],"13":[88,75],"14":[78,10],"15":[69,6],"16":[80,67],"17":[76,4],"18":[67,0],"19":[2,5050],"20":[38,0],"21":[1,14],"22":[2,12],"23":[122,191],"24":[187,4]},"f":{"1":3,"2":4,"3":0,"4":211,"5":629,"6":201,"7":203,"8":102,"9":38,"10":2,"11":3,"12":313,"13":36,"14":491,"15":5512,"16":849,"17":181,"18":215,"19":211,"20":5541,"21":5967},"fnMap":{"1":{"name":"p1Won","line":6,"loc":{"start":{"line":6,"column":4},"end":{"line":6,"column":52}}},"2":{"name":"p1MovedLast","line":13,"loc":{"start":{"line":13,"column":4},"end":{"line":13,"column":59}}},"3":{"name":"gameTied","line":16,"loc":{"start":{"line":16,"column":4},"end":{"line":16,"column":50}}},"4":{"name":"validStateUpdate","line":21,"loc":{"start":{"line":21,"column":4},"end":{"line":21,"column":86}}},"5":{"name":"getNonce","line":73,"loc":{"start":{"line":73,"column":4},"end":{"line":73,"column":55}}},"6":{"name":"locChangeValid","line":82,"loc":{"start":{"line":82,"column":4},"end":{"line":82,"column":118}}},"7":{"name":"isEmpty","line":100,"loc":{"start":{"line":100,"column":4},"end":{"line":100,"column":76}}},"8":{"name":"correctDirection","line":110,"loc":{"start":{"line":110,"column":4},"end":{"line":110,"column":90}}},"9":{"name":"jumpAndUpdate","line":116,"loc":{"start":{"line":116,"column":4},"end":{"line":116,"column":134}}},"10":{"name":"redHasPieces","line":125,"loc":{"start":{"line":125,"column":4},"end":{"line":125,"column":61}}},"11":{"name":"blackHasPieces","line":132,"loc":{"start":{"line":132,"column":4},"end":{"line":132,"column":63}}},"12":{"name":"red","line":139,"loc":{"start":{"line":139,"column":4},"end":{"line":139,"column":52}}},"13":{"name":"active","line":148,"loc":{"start":{"line":148,"column":4},"end":{"line":148,"column":55}}},"14":{"name":"queen","line":149,"loc":{"start":{"line":149,"column":4},"end":{"line":149,"column":54}}},"15":{"name":"rowNum","line":150,"loc":{"start":{"line":150,"column":4},"end":{"line":150,"column":55}}},"16":{"name":"colNum","line":151,"loc":{"start":{"line":151,"column":4},"end":{"line":151,"column":55}}},"17":{"name":"XORPieceByte","line":153,"loc":{"start":{"line":153,"column":4},"end":{"line":153,"column":86}}},"18":{"name":"getPieceNumMoved","line":156,"loc":{"start":{"line":156,"column":4},"end":{"line":156,"column":65}}},"19":{"name":"getPieceNumJumped","line":159,"loc":{"start":{"line":159,"column":4},"end":{"line":159,"column":66}}},"20":{"name":"getPieceByNum","line":162,"loc":{"start":{"line":162,"column":4},"end":{"line":162,"column":74}}},"21":{"name":"getByteAt","line":165,"loc":{"start":{"line":165,"column":4},"end":{"line":165,"column":70}}}},"statementMap":{"1":{"start":{"line":7,"column":8},"end":{"line":7,"column":166}},"2":{"start":{"line":8,"column":12},"end":{"line":8,"column":23}},"3":{"start":{"line":9,"column":8},"end":{"line":9,"column":227}},"4":{"start":{"line":10,"column":12},"end":{"line":10,"column":24}},"5":{"start":{"line":11,"column":8},"end":{"line":11,"column":39}},"6":{"start":{"line":14,"column":8},"end":{"line":14,"column":42}},"7":{"start":{"line":18,"column":8},"end":{"line":18,"column":20}},"8":{"start":{"line":22,"column":8},"end":{"line":22,"column":53}},"9":{"start":{"line":23,"column":8},"end":{"line":23,"column":55}},"10":{"start":{"line":24,"column":8},"end":{"line":24,"column":66}},"11":{"start":{"line":25,"column":8},"end":{"line":25,"column":66}},"12":{"start":{"line":26,"column":8},"end":{"line":26,"column":43}},"13":{"start":{"line":27,"column":8},"end":{"line":27,"column":43}},"14":{"start":{"line":28,"column":8},"end":{"line":28,"column":43}},"15":{"start":{"line":29,"column":8},"end":{"line":29,"column":43}},"16":{"start":{"line":32,"column":8},"end":{"line":32,"column":75}},"17":{"start":{"line":34,"column":8},"end":{"line":34,"column":1378}},"18":{"start":{"line":35,"column":12},"end":{"line":35,"column":96}},"19":{"start":{"line":38,"column":8},"end":{"line":38,"column":95}},"20":{"start":{"line":40,"column":8},"end":{"line":40,"column":129}},"21":{"start":{"line":42,"column":8},"end":{"line":42,"column":84}},"22":{"start":{"line":44,"column":8},"end":{"line":44,"column":30}},"23":{"start":{"line":45,"column":8},"end":{"line":45,"column":23}},"24":{"start":{"line":47,"column":8},"end":{"line":47,"column":2138}},"25":{"start":{"line":49,"column":12},"end":{"line":49,"column":22}},"26":{"start":{"line":51,"column":12},"end":{"line":51,"column":2330}},"27":{"start":{"line":61,"column":8},"end":{"line":61,"column":58}},"28":{"start":{"line":64,"column":8},"end":{"line":64,"column":2820}},"29":{"start":{"line":70,"column":8},"end":{"line":70,"column":80}},"30":{"start":{"line":71,"column":8},"end":{"line":71,"column":19}},"31":{"start":{"line":75,"column":8},"end":{"line":75,"column":45}},"32":{"start":{"line":84,"column":8},"end":{"line":84,"column":75}},"33":{"start":{"line":86,"column":8},"end":{"line":86,"column":80}},"34":{"start":{"line":88,"column":8},"end":{"line":88,"column":3847}},"35":{"start":{"line":89,"column":12},"end":{"line":89,"column":66}},"36":{"start":{"line":91,"column":12},"end":{"line":91,"column":64}},"37":{"start":{"line":93,"column":8},"end":{"line":93,"column":4036}},"38":{"start":{"line":94,"column":12},"end":{"line":94,"column":67}},"39":{"start":{"line":96,"column":12},"end":{"line":96,"column":66}},"40":{"start":{"line":98,"column":8},"end":{"line":98,"column":19}},"41":{"start":{"line":102,"column":8},"end":{"line":102,"column":4354}},"42":{"start":{"line":103,"column":12},"end":{"line":103,"column":39}},"43":{"start":{"line":104,"column":12},"end":{"line":104,"column":4440}},"44":{"start":{"line":105,"column":16},"end":{"line":105,"column":28}},"45":{"start":{"line":108,"column":8},"end":{"line":108,"column":19}},"46":{"start":{"line":111,"column":8},"end":{"line":111,"column":4683}},"47":{"start":{"line":117,"column":8},"end":{"line":117,"column":57}},"48":{"start":{"line":118,"column":8},"end":{"line":118,"column":4996}},"49":{"start":{"line":123,"column":8},"end":{"line":123,"column":58}},"50":{"start":{"line":126,"column":8},"end":{"line":126,"column":5312}},"51":{"start":{"line":127,"column":12},"end":{"line":127,"column":5358}},"52":{"start":{"line":128,"column":16},"end":{"line":128,"column":27}},"53":{"start":{"line":133,"column":8},"end":{"line":133,"column":5525}},"54":{"start":{"line":134,"column":12},"end":{"line":134,"column":5572}},"55":{"start":{"line":135,"column":16},"end":{"line":135,"column":27}},"56":{"start":{"line":140,"column":8},"end":{"line":140,"column":5728}},"57":{"start":{"line":141,"column":12},"end":{"line":141,"column":23}},"58":{"start":{"line":143,"column":8},"end":{"line":143,"column":5799}},"59":{"start":{"line":144,"column":12},"end":{"line":144,"column":24}},"60":{"start":{"line":146,"column":8},"end":{"line":146,"column":37}},"61":{"start":{"line":148,"column":60},"end":{"line":148,"column":77}},"62":{"start":{"line":149,"column":59},"end":{"line":149,"column":84}},"63":{"start":{"line":150,"column":60},"end":{"line":150,"column":83}},"64":{"start":{"line":151,"column":60},"end":{"line":151,"column":75}},"65":{"start":{"line":154,"column":8},"end":{"line":154,"column":55}},"66":{"start":{"line":157,"column":8},"end":{"line":157,"column":33}},"67":{"start":{"line":160,"column":8},"end":{"line":160,"column":33}},"68":{"start":{"line":163,"column":8},"end":{"line":163,"column":35}},"69":{"start":{"line":167,"column":8},"end":{"line":167,"column":18}}},"branchMap":{"1":{"line":7,"type":"if","locations":[{"start":{"line":7,"column":8},"end":{"line":7,"column":8}},{"start":{"line":7,"column":8},"end":{"line":7,"column":8}}]},"2":{"line":9,"type":"if","locations":[{"start":{"line":9,"column":8},"end":{"line":9,"column":8}},{"start":{"line":9,"column":8},"end":{"line":9,"column":8}}]},"3":{"line":32,"type":"if","locations":[{"start":{"line":32,"column":8},"end":{"line":32,"column":8}},{"start":{"line":32,"column":8},"end":{"line":32,"column":8}}]},"4":{"line":34,"type":"if","locations":[{"start":{"line":34,"column":8},"end":{"line":34,"column":8}},{"start":{"line":34,"column":8},"end":{"line":34,"column":8}}]},"5":{"line":35,"type":"if","locations":[{"start":{"line":35,"column":12},"end":{"line":35,"column":12}},{"start":{"line":35,"column":12},"end":{"line":35,"column":12}}]},"6":{"line":38,"type":"if","locations":[{"start":{"line":38,"column":8},"end":{"line":38,"column":8}},{"start":{"line":38,"column":8},"end":{"line":38,"column":8}}]},"7":{"line":40,"type":"if","locations":[{"start":{"line":40,"column":8},"end":{"line":40,"column":8}},{"start":{"line":40,"column":8},"end":{"line":40,"column":8}}]},"8":{"line":42,"type":"if","locations":[{"start":{"line":42,"column":8},"end":{"line":42,"column":8}},{"start":{"line":42,"column":8},"end":{"line":42,"column":8}}]},"9":{"line":47,"type":"if","locations":[{"start":{"line":47,"column":8},"end":{"line":47,"column":8}},{"start":{"line":47,"column":8},"end":{"line":47,"column":8}}]},"10":{"line":70,"type":"if","locations":[{"start":{"line":70,"column":8},"end":{"line":70,"column":8}},{"start":{"line":70,"column":8},"end":{"line":70,"column":8}}]},"11":{"line":84,"type":"if","locations":[{"start":{"line":84,"column":8},"end":{"line":84,"column":8}},{"start":{"line":84,"column":8},"end":{"line":84,"column":8}}]},"12":{"line":86,"type":"if","locations":[{"start":{"line":86,"column":8},"end":{"line":86,"column":8}},{"start":{"line":86,"column":8},"end":{"line":86,"column":8}}]},"13":{"line":88,"type":"if","locations":[{"start":{"line":88,"column":8},"end":{"line":88,"column":8}},{"start":{"line":88,"column":8},"end":{"line":88,"column":8}}]},"14":{"line":89,"type":"if","locations":[{"start":{"line":89,"column":12},"end":{"line":89,"column":12}},{"start":{"line":89,"column":12},"end":{"line":89,"column":12}}]},"15":{"line":91,"type":"if","locations":[{"start":{"line":91,"column":12},"end":{"line":91,"column":12}},{"start":{"line":91,"column":12},"end":{"line":91,"column":12}}]},"16":{"line":93,"type":"if","locations":[{"start":{"line":93,"column":8},"end":{"line":93,"column":8}},{"start":{"line":93,"column":8},"end":{"line":93,"column":8}}]},"17":{"line":94,"type":"if","locations":[{"start":{"line":94,"column":12},"end":{"line":94,"column":12}},{"start":{"line":94,"column":12},"end":{"line":94,"column":12}}]},"18":{"line":96,"type":"if","locations":[{"start":{"line":96,"column":12},"end":{"line":96,"column":12}},{"start":{"line":96,"column":12},"end":{"line":96,"column":12}}]},"19":{"line":104,"type":"if","locations":[{"start":{"line":104,"column":12},"end":{"line":104,"column":12}},{"start":{"line":104,"column":12},"end":{"line":104,"column":12}}]},"20":{"line":118,"type":"if","locations":[{"start":{"line":118,"column":8},"end":{"line":118,"column":8}},{"start":{"line":118,"column":8},"end":{"line":118,"column":8}}]},"21":{"line":127,"type":"if","locations":[{"start":{"line":127,"column":12},"end":{"line":127,"column":12}},{"start":{"line":127,"column":12},"end":{"line":127,"column":12}}]},"22":{"line":134,"type":"if","locations":[{"start":{"line":134,"column":12},"end":{"line":134,"column":12}},{"start":{"line":134,"column":12},"end":{"line":134,"column":12}}]},"23":{"line":140,"type":"if","locations":[{"start":{"line":140,"column":8},"end":{"line":140,"column":8}},{"start":{"line":140,"column":8},"end":{"line":140,"column":8}}]},"24":{"line":143,"type":"if","locations":[{"start":{"line":143,"column":8},"end":{"line":143,"column":8}},{"start":{"line":143,"column":8},"end":{"line":143,"column":8}}]}}}}